<?xml version="1.0" encoding="UTF-8"?>
<testng-results skipped="0" failed="0" total="1" passed="1">
  <reporter-output>
  </reporter-output>
  <suite name="Command line suite" duration-ms="39" started-at="2019-02-18T11:08:43Z" finished-at="2019-02-18T11:08:43Z">
    <groups>
    </groups>
    <test name="Command line test" duration-ms="39" started-at="2019-02-18T11:08:43Z" finished-at="2019-02-18T11:08:43Z">
      <class name="org.selenium.test.WoWhead.AppTest">
        <test-method status="PASS" signature="testApp()[pri:0, instance:testApp(org.selenium.test.WoWhead.AppTest)]" name="testApp" duration-ms="2" started-at="2019-02-18T12:08:43Z" finished-at="2019-02-18T12:08:43Z">
          <reporter-output>
          </reporter-output>
        </test-method> <!-- testApp -->
      </class> <!-- org.selenium.test.WoWhead.AppTest -->
    </test> <!-- Command line test -->
  </suite> <!-- Command line suite -->
</testng-results>
