<?xml version="1.0" encoding="UTF-8"?>
<!-- Generated by org.testng.reporters.JUnitXMLReporter -->
<testsuite hostname="FORM294" name="Surefire test" tests="2" failures="0" timestamp="18 Feb 2019 10:12:11 GMT" time="26.217" errors="0">
  <testcase name="testApp on testApp(org.selenium.test.WoWhead.AppTest)" time="0.003" classname="org.selenium.test.WoWhead.AppTest"/>
  <testcase name="wowheadRechercheTest on wowheadRechercheTest(org.selenium.test.WoWhead.WowheadTest)" time="26.164" classname="org.selenium.test.WoWhead.WowheadTest"/>
</testsuite> <!-- Surefire test -->
