<?xml version="1.0" encoding="UTF-8"?>
<testng-results skipped="0" failed="1" total="2" passed="1">
  <reporter-output>
  </reporter-output>
  <suite name="Surefire suite" duration-ms="31062" started-at="2019-02-18T10:45:50Z" finished-at="2019-02-18T10:46:21Z">
    <groups>
    </groups>
    <test name="Surefire test" duration-ms="31062" started-at="2019-02-18T10:45:50Z" finished-at="2019-02-18T10:46:21Z">
      <class name="org.selenium.test.WoWhead.AppTest">
        <test-method status="PASS" signature="testApp()[pri:0, instance:testApp(org.selenium.test.WoWhead.AppTest)]" name="testApp" duration-ms="3" started-at="2019-02-18T11:45:50Z" finished-at="2019-02-18T11:45:50Z">
          <reporter-output>
          </reporter-output>
        </test-method> <!-- testApp -->
      </class> <!-- org.selenium.test.WoWhead.AppTest -->
      <class name="org.selenium.test.WoWhead.WowheadTest">
        <test-method status="FAIL" signature="wowheadRechercheTest()[pri:0, instance:wowheadRechercheTest(org.selenium.test.WoWhead.WowheadTest)]" name="wowheadRechercheTest" duration-ms="30998" started-at="2019-02-18T11:45:50Z" finished-at="2019-02-18T11:46:21Z">
          <exception class="org.openqa.selenium.NoSuchSessionException">
            <message>
              <![CDATA[Tried to run command without establishing a connection
Build info: version: '3.141.59', revision: 'e82be7d358', time: '2018-11-14T08:17:03'
System info: host: 'FORM294', ip: '192.168.56.1', os.name: 'Windows 10', os.arch: 'amd64', os.version: '10.0', java.version: '1.8.0_152'
Driver info: org.openqa.selenium.firefox.FirefoxDriver
Capabilities {acceptInsecureCerts: true, browserName: firefox, browserVersion: 65.0.1, javascriptEnabled: true, moz:accessibilityChecks: false, moz:geckodriverVersion: 0.23.0, moz:headless: false, moz:processID: 1344, moz:profile: C:\Users\formation\AppData\..., moz:shutdownTimeout: 60000, moz:useNonSpecCompliantPointerOrigin: false, moz:webdriverClick: true, pageLoadStrategy: normal, platform: WINDOWS, platformName: WINDOWS, platformVersion: 10.0, rotatable: false, setWindowRect: true, strictFileInteractability: false, timeouts: {implicit: 0, pageLoad: 300000, script: 30000}, unhandledPromptBehavior: dismiss and notify}
Session ID: eba32d02-d132-4820-8d9b-42832026d4a9]]>
            </message>
            <full-stacktrace>
              <![CDATA[org.openqa.selenium.NoSuchSessionException: Tried to run command without establishing a connection
Build info: version: '3.141.59', revision: 'e82be7d358', time: '2018-11-14T08:17:03'
System info: host: 'FORM294', ip: '192.168.56.1', os.name: 'Windows 10', os.arch: 'amd64', os.version: '10.0', java.version: '1.8.0_152'
Driver info: org.openqa.selenium.firefox.FirefoxDriver
Capabilities {acceptInsecureCerts: true, browserName: firefox, browserVersion: 65.0.1, javascriptEnabled: true, moz:accessibilityChecks: false, moz:geckodriverVersion: 0.23.0, moz:headless: false, moz:processID: 1344, moz:profile: C:\Users\formation\AppData\..., moz:shutdownTimeout: 60000, moz:useNonSpecCompliantPointerOrigin: false, moz:webdriverClick: true, pageLoadStrategy: normal, platform: WINDOWS, platformName: WINDOWS, platformVersion: 10.0, rotatable: false, setWindowRect: true, strictFileInteractability: false, timeouts: {implicit: 0, pageLoad: 300000, script: 30000}, unhandledPromptBehavior: dismiss and notify}
Session ID: eba32d02-d132-4820-8d9b-42832026d4a9
	at sun.reflect.NativeConstructorAccessorImpl.newInstance0(Native Method)
	at sun.reflect.NativeConstructorAccessorImpl.newInstance(NativeConstructorAccessorImpl.java:62)
	at sun.reflect.DelegatingConstructorAccessorImpl.newInstance(DelegatingConstructorAccessorImpl.java:45)
	at java.lang.reflect.Constructor.newInstance(Constructor.java:423)
	at org.openqa.selenium.remote.http.W3CHttpResponseCodec.createException(W3CHttpResponseCodec.java:187)
	at org.openqa.selenium.remote.http.W3CHttpResponseCodec.decode(W3CHttpResponseCodec.java:122)
	at org.openqa.selenium.remote.http.W3CHttpResponseCodec.decode(W3CHttpResponseCodec.java:49)
	at org.openqa.selenium.remote.HttpCommandExecutor.execute(HttpCommandExecutor.java:158)
	at org.openqa.selenium.remote.service.DriverCommandExecutor.execute(DriverCommandExecutor.java:83)
	at org.openqa.selenium.remote.RemoteWebDriver.execute(RemoteWebDriver.java:552)
	at org.openqa.selenium.remote.RemoteWebDriver.execute(RemoteWebDriver.java:609)
	at org.openqa.selenium.remote.RemoteWebDriver.quit(RemoteWebDriver.java:452)
	at org.selenium.test.WoWhead.WowheadTest.fin(WowheadTest.java:39)
	at sun.reflect.NativeMethodAccessorImpl.invoke0(Native Method)
	at sun.reflect.NativeMethodAccessorImpl.invoke(NativeMethodAccessorImpl.java:62)
	at sun.reflect.DelegatingMethodAccessorImpl.invoke(DelegatingMethodAccessorImpl.java:43)
	at java.lang.reflect.Method.invoke(Method.java:498)
	at org.junit.runners.model.FrameworkMethod$1.runReflectiveCall(FrameworkMethod.java:59)
	at org.junit.internal.runners.model.ReflectiveCallable.run(ReflectiveCallable.java:12)
	at org.junit.runners.model.FrameworkMethod.invokeExplosively(FrameworkMethod.java:56)
	at org.junit.internal.runners.statements.RunAfters.invokeMethod(RunAfters.java:46)
	at org.junit.internal.runners.statements.RunAfters.evaluate(RunAfters.java:33)
	at org.junit.runners.ParentRunner$3.evaluate(ParentRunner.java:305)
	at org.junit.runners.BlockJUnit4ClassRunner$1.evaluate(BlockJUnit4ClassRunner.java:100)
	at org.junit.runners.ParentRunner.runLeaf(ParentRunner.java:365)
	at org.junit.runners.BlockJUnit4ClassRunner.runChild(BlockJUnit4ClassRunner.java:103)
	at org.junit.runners.BlockJUnit4ClassRunner.runChild(BlockJUnit4ClassRunner.java:63)
	at org.junit.runners.ParentRunner$4.run(ParentRunner.java:330)
	at org.junit.runners.ParentRunner$1.schedule(ParentRunner.java:78)
	at org.junit.runners.ParentRunner.runChildren(ParentRunner.java:328)
	at org.junit.runners.ParentRunner.access$100(ParentRunner.java:65)
	at org.junit.runners.ParentRunner$2.evaluate(ParentRunner.java:292)
	at org.junit.runners.ParentRunner$3.evaluate(ParentRunner.java:305)
	at org.junit.runners.ParentRunner.run(ParentRunner.java:412)
	at org.junit.runner.JUnitCore.run(JUnitCore.java:137)
	at org.junit.runner.JUnitCore.run(JUnitCore.java:115)
	at org.testng.junit.JUnit4TestRunner.start(JUnit4TestRunner.java:81)
	at org.testng.junit.JUnit4TestRunner.run(JUnit4TestRunner.java:69)
	at org.testng.TestRunner$1.run(TestRunner.java:682)
	at org.testng.TestRunner.runWorkers(TestRunner.java:1012)
	at org.testng.TestRunner.privateRunJUnit(TestRunner.java:713)
	at org.testng.TestRunner.run(TestRunner.java:614)
	at org.testng.SuiteRunner.runTest(SuiteRunner.java:334)
	at org.testng.SuiteRunner.runSequentially(SuiteRunner.java:329)
	at org.testng.SuiteRunner.privateRun(SuiteRunner.java:291)
	at org.testng.SuiteRunner.run(SuiteRunner.java:240)
	at org.testng.SuiteRunnerWorker.runSuite(SuiteRunnerWorker.java:52)
	at org.testng.SuiteRunnerWorker.run(SuiteRunnerWorker.java:86)
	at org.testng.TestNG.runSuitesSequentially(TestNG.java:1198)
	at org.testng.TestNG.runSuitesLocally(TestNG.java:1123)
	at org.testng.TestNG.run(TestNG.java:1031)
	at org.apache.maven.surefire.testng.TestNGExecutor.run(TestNGExecutor.java:115)
	at org.apache.maven.surefire.testng.TestNGDirectoryTestSuite.executeMulti(TestNGDirectoryTestSuite.java:212)
	at org.apache.maven.surefire.testng.TestNGDirectoryTestSuite.execute(TestNGDirectoryTestSuite.java:108)
	at org.apache.maven.surefire.testng.TestNGProvider.invoke(TestNGProvider.java:111)
	at org.apache.maven.surefire.booter.ForkedBooter.invokeProviderInSameClassLoader(ForkedBooter.java:203)
	at org.apache.maven.surefire.booter.ForkedBooter.runSuitesInProcess(ForkedBooter.java:155)
	at org.apache.maven.surefire.booter.ForkedBooter.main(ForkedBooter.java:103)
]]>
            </full-stacktrace>
          </exception> <!-- org.openqa.selenium.NoSuchSessionException -->
          <reporter-output>
          </reporter-output>
        </test-method> <!-- wowheadRechercheTest -->
      </class> <!-- org.selenium.test.WoWhead.WowheadTest -->
    </test> <!-- Surefire test -->
  </suite> <!-- Surefire suite -->
</testng-results>
